<?xml version="1.0" encoding="UTF-8"?>
<!-- Generated by org.testng.reporters.JUnitReportReporter -->
<testsuite hostname="NSAW-M-R0YR" name="audit.AspectDiffTest" tests="1" failures="0" timestamp="3 Sep 2019 05:43:13 GMT" time="0.005" errors="0">
  <testcase name="test" time="0.005" classname="audit.AspectDiffTest"/>
</testsuite>
